<?xml version="1.0" encoding="UTF-8"?>
<testsuite xmlns:xsi="http://www.w3.org/2001/XMLSchema-instance" xsi:noNamespaceSchemaLocation="https://maven.apache.org/surefire/maven-surefire-plugin/xsd/surefire-test-report.xsd" name="com.dev.AppTest" time="0.065" tests="4" errors="0" skipped="0" failures="0">
  <properties>
[...]
</properties>
  <testcase name="TestDivide" classname="com.dev.AppTest" time="0.011"/>
  <testcase name="Test" classname="com.dev.AppTest" time="0"/>
  <testcase name="TestReverseString1" classname="com.dev.AppTest" time="0.001"/>
  <testcase name="TestReverseString2" classname="com.dev.AppTest" time="0"/>
</testsuite>